# JRE version: OpenJDK Runtime Environment (8.0_191-b12) (build 1.8.0_191-8u191-b12-2ubuntu0.18.04.1-b12)
# Java VM: OpenJDK 64-Bit Server VM (25.191-b12 mixed mode linux-amd64 compressed oops)
Heap:
 PSYoungGen      total 267776K, used 0K [0x00000000eab00000, 0x0000000100000000, 0x0000000100000000)
  eden space 198656K, 0% used [0x00000000eab00000,0x00000000eab00000,0x00000000f6d00000)
  from space 69120K, 0% used [0x00000000f6d00000,0x00000000f6d00000,0x00000000fb080000)
  to   space 81408K, 0% used [0x00000000fb080000,0x00000000fb080000,0x0000000100000000)
 ParOldGen       total 317440K, used 248768K [0x00000000c0000000, 0x00000000d3600000, 0x00000000eab00000)
  object space 317440K, 78% used [0x00000000c0000000,0x00000000cf2f0230,0x00000000d3600000)
 Metaspace       used 82125K, capacity 84046K, committed 84312K, reserved 1122304K
  class space    used 10506K, capacity 11035K, committed 11136K, reserved 1048576K
GC Heap History (10 events):
Event: 113.668 GC heap after
Heap after GC invocations=24 (full 4):
 PSYoungGen      total 211968K, used 34290K [0x00000000eab00000, 0x00000000fbd80000, 0x0000000100000000)
  eden space 177664K, 0% used [0x00000000eab00000,0x00000000eab00000,0x00000000f5880000)
  from space 34304K, 99% used [0x00000000f8400000,0x00000000fa57c908,0x00000000fa580000)
  to   space 44544K, 0% used [0x00000000f5880000,0x00000000f5880000,0x00000000f8400000)
 ParOldGen       total 182272K, used 115462K [0x00000000c0000000, 0x00000000cb200000, 0x00000000eab00000)
  object space 182272K, 63% used [0x00000000c0000000,0x00000000c70c1b58,0x00000000cb200000)
 Metaspace       used 81933K, capacity 83880K, committed 84056K, reserved 1122304K
  class space    used 10494K, capacity 11028K, committed 11136K, reserved 1048576K
}
Event: 115.396 GC heap before
{Heap before GC invocations=25 (full 4):
 PSYoungGen      total 211968K, used 211954K [0x00000000eab00000, 0x00000000fbd80000, 0x0000000100000000)
  eden space 177664K, 100% used [0x00000000eab00000,0x00000000f5880000,0x00000000f5880000)
  from space 34304K, 99% used [0x00000000f8400000,0x00000000fa57c908,0x00000000fa580000)
  to   space 44544K, 0% used [0x00000000f5880000,0x00000000f5880000,0x00000000f8400000)
 ParOldGen       total 182272K, used 129655K [0x00000000c0000000, 0x00000000cb200000, 0x00000000eab00000)
  object space 182272K, 71% used [0x00000000c0000000,0x00000000c7e9dd20,0x00000000cb200000)
 Metaspace       used 82081K, capacity 84038K, committed 84312K, reserved 1122304K
  class space    used 10506K, capacity 11035K, committed 11136K, reserved 1048576K
Event: 115.466 GC heap after
Heap after GC invocations=25 (full 4):
 PSYoungGen      total 222208K, used 44543K [0x00000000eab00000, 0x00000000ff500000, 0x0000000100000000)
  eden space 177664K, 0% used [0x00000000eab00000,0x00000000eab00000,0x00000000f5880000)
  from space 44544K, 99% used [0x00000000f5880000,0x00000000f83ffe78,0x00000000f8400000)
  to   space 60928K, 0% used [0x00000000fb980000,0x00000000fb980000,0x00000000ff500000)
 ParOldGen       total 182272K, used 153490K [0x00000000c0000000, 0x00000000cb200000, 0x00000000eab00000)
  object space 182272K, 84% used [0x00000000c0000000,0x00000000c95e4808,0x00000000cb200000)
 Metaspace       used 82081K, capacity 84038K, committed 84312K, reserved 1122304K
  class space    used 10506K, capacity 11035K, committed 11136K, reserved 1048576K
}
Event: 121.399 GC heap before
{Heap before GC invocations=26 (full 5):
 PSYoungGen      total 222208K, used 222207K [0x00000000eab00000, 0x00000000ff500000, 0x0000000100000000)
  eden space 177664K, 100% used [0x00000000eab00000,0x00000000f5880000,0x00000000f5880000)
  from space 44544K, 99% used [0x00000000f5880000,0x00000000f83ffe78,0x00000000f8400000)
  to   space 60928K, 0% used [0x00000000fb980000,0x00000000fb980000,0x00000000ff500000)
 ParOldGen       total 203776K, used 198795K [0x00000000c0000000, 0x00000000cc700000, 0x00000000eab00000)
  object space 203776K, 97% used [0x00000000c0000000,0x00000000cc222d98,0x00000000cc700000)
 Metaspace       used 82097K, capacity 84046K, committed 84312K, reserved 1122304K
  class space    used 10506K, capacity 11035K, committed 11136K, reserved 1048576K
Event: 122.405 GC heap after
Heap after GC invocations=26 (full 5):
 PSYoungGen      total 222208K, used 3511K [0x00000000eab00000, 0x00000000ff500000, 0x0000000100000000)
  eden space 177664K, 0% used [0x00000000eab00000,0x00000000eab00000,0x00000000f5880000)
  from space 44544K, 7% used [0x00000000f5880000,0x00000000f5bedd30,0x00000000f8400000)
  to   space 60928K, 0% used [0x00000000fb980000,0x00000000fb980000,0x00000000ff500000)
 ParOldGen       total 317440K, used 200757K [0x00000000c0000000, 0x00000000d3600000, 0x00000000eab00000)
  object space 317440K, 63% used [0x00000000c0000000,0x00000000cc40d6a0,0x00000000d3600000)
 Metaspace       used 82097K, capacity 84046K, committed 84312K, reserved 1122304K
  class space    used 10506K, capacity 11035K, committed 11136K, reserved 1048576K
}
Event: 129.677 GC heap before
{Heap before GC invocations=27 (full 5):
 PSYoungGen      total 222208K, used 176173K [0x00000000eab00000, 0x00000000ff500000, 0x0000000100000000)
  eden space 177664K, 97% used [0x00000000eab00000,0x00000000f539da58,0x00000000f5880000)
  from space 44544K, 7% used [0x00000000f5880000,0x00000000f5bedd30,0x00000000f8400000)
  to   space 60928K, 0% used [0x00000000fb980000,0x00000000fb980000,0x00000000ff500000)
 ParOldGen       total 317440K, used 200757K [0x00000000c0000000, 0x00000000d3600000, 0x00000000eab00000)
  object space 317440K, 63% used [0x00000000c0000000,0x00000000cc40d6a0,0x00000000d3600000)
 Metaspace       used 82097K, capacity 84046K, committed 84312K, reserved 1122304K
  class space    used 10506K, capacity 11035K, committed 11136K, reserved 1048576K
Event: 129.766 GC heap after
Heap after GC invocations=27 (full 5):
 PSYoungGen      total 259584K, used 60327K [0x00000000eab00000, 0x00000000ff800000, 0x0000000100000000)
  eden space 198656K, 0% used [0x00000000eab00000,0x00000000eab00000,0x00000000f6d00000)
  from space 60928K, 99% used [0x00000000fb980000,0x00000000ff469c08,0x00000000ff500000)
  to   space 71168K, 0% used [0x00000000f6d00000,0x00000000f6d00000,0x00000000fb280000)
 ParOldGen       total 317440K, used 230337K [0x00000000c0000000, 0x00000000d3600000, 0x00000000eab00000)
  object space 317440K, 72% used [0x00000000c0000000,0x00000000ce0f06d8,0x00000000d3600000)
 Metaspace       used 82097K, capacity 84046K, committed 84312K, reserved 1122304K
  class space    used 10506K, capacity 11035K, committed 11136K, reserved 1048576K
}
Event: 136.538 GC heap before
{Heap before GC invocations=28 (full 5):
 PSYoungGen      total 259584K, used 257938K [0x00000000eab00000, 0x00000000ff800000, 0x0000000100000000)
  eden space 198656K, 99% used [0x00000000eab00000,0x00000000f6bfae10,0x00000000f6d00000)
  from space 60928K, 99% used [0x00000000fb980000,0x00000000ff469c08,0x00000000ff500000)
  to   space 71168K, 0% used [0x00000000f6d00000,0x00000000f6d00000,0x00000000fb280000)
 ParOldGen       total 317440K, used 235056K [0x00000000c0000000, 0x00000000d3600000, 0x00000000eab00000)
  object space 317440K, 74% used [0x00000000c0000000,0x00000000ce58c348,0x00000000d3600000)
 Metaspace       used 82101K, capacity 84046K, committed 84312K, reserved 1122304K
  class space    used 10506K, capacity 11035K, committed 11136K, reserved 1048576K
Event: 136.600 GC heap after
Heap after GC invocations=28 (full 5):
 PSYoungGen      total 267776K, used 68775K [0x00000000eab00000, 0x0000000100000000, 0x0000000100000000)
  eden space 198656K, 0% used [0x00000000eab00000,0x00000000eab00000,0x00000000f6d00000)
  from space 69120K, 99% used [0x00000000f6d00000,0x00000000fb029c40,0x00000000fb080000)
  to   space 81408K, 0% used [0x00000000fb080000,0x00000000fb080000,0x0000000100000000)
 ParOldGen       total 317440K, used 276048K [0x00000000c0000000, 0x00000000d3600000, 0x00000000eab00000)
  object space 317440K, 86% used [0x00000000c0000000,0x00000000d0d94280,0x00000000d3600000)
 Metaspace       used 82101K, capacity 84046K, committed 84312K, reserved 1122304K
  class space    used 10506K, capacity 11035K, committed 11136K, reserved 1048576K
}
Event: 148.634 GC heap before
{Heap before GC invocations=29 (full 6):
 PSYoungGen      total 267776K, used 267431K [0x00000000eab00000, 0x0000000100000000, 0x0000000100000000)
  eden space 198656K, 100% used [0x00000000eab00000,0x00000000f6d00000,0x00000000f6d00000)
  from space 69120K, 99% used [0x00000000f6d00000,0x00000000fb029c40,0x00000000fb080000)
  to   space 81408K, 0% used [0x00000000fb080000,0x00000000fb080000,0x0000000100000000)
 ParOldGen       total 317440K, used 308864K [0x00000000c0000000, 0x00000000d3600000, 0x00000000eab00000)
  object space 317440K, 97% used [0x00000000c0000000,0x00000000d2da02d0,0x00000000d3600000)
 Metaspace       used 82125K, capacity 84046K, committed 84312K, reserved 1122304K
  class space    used 10506K, capacity 11035K, committed 11136K, reserved 1048576K

