# JRE version: OpenJDK Runtime Environment (8.0_191-b12) (build 1.8.0_191-8u191-b12-2ubuntu0.18.04.1-b12)
# Java VM: OpenJDK 64-Bit Server VM (25.191-b12 mixed mode linux-amd64 compressed oops)
Heap:
 PSYoungGen      total 305664K, used 2495K [0x00000000eab00000, 0x0000000100000000, 0x0000000100000000)
  eden space 262144K, 0% used [0x00000000eab00000,0x00000000eab00000,0x00000000fab00000)
  from space 43520K, 5% used [0x00000000fab00000,0x00000000fad6fd48,0x00000000fd580000)
  to   space 43520K, 0% used [0x00000000fd580000,0x00000000fd580000,0x0000000100000000)
 ParOldGen       total 184832K, used 184257K [0x00000000c0000000, 0x00000000cb480000, 0x00000000eab00000)
  object space 184832K, 99% used [0x00000000c0000000,0x00000000cb3f0718,0x00000000cb480000)
 Metaspace       used 111817K, capacity 115412K, committed 115672K, reserved 1150976K
  class space    used 13628K, capacity 14446K, committed 14592K, reserved 1048576K
GC Heap History (10 events):
Event: 2780.706 GC heap after
Heap after GC invocations=69 (full 6):
 PSYoungGen      total 310272K, used 0K [0x00000000eab00000, 0x00000000ffe00000, 0x0000000100000000)
  eden space 275456K, 0% used [0x00000000eab00000,0x00000000eab00000,0x00000000fb800000)
  from space 34816K, 0% used [0x00000000fb800000,0x00000000fb800000,0x00000000fda00000)
  to   space 33792K, 0% used [0x00000000fdd00000,0x00000000fdd00000,0x00000000ffe00000)
 ParOldGen       total 166912K, used 98905K [0x00000000c0000000, 0x00000000ca300000, 0x00000000eab00000)
  object space 166912K, 59% used [0x00000000c0000000,0x00000000c60965b0,0x00000000ca300000)
 Metaspace       used 109441K, capacity 112684K, committed 113240K, reserved 1148928K
  class space    used 13333K, capacity 14070K, committed 14208K, reserved 1048576K
}
Event: 2787.965 GC heap before
{Heap before GC invocations=70 (full 6):
 PSYoungGen      total 310272K, used 275456K [0x00000000eab00000, 0x00000000ffe00000, 0x0000000100000000)
  eden space 275456K, 100% used [0x00000000eab00000,0x00000000fb800000,0x00000000fb800000)
  from space 34816K, 0% used [0x00000000fb800000,0x00000000fb800000,0x00000000fda00000)
  to   space 33792K, 0% used [0x00000000fdd00000,0x00000000fdd00000,0x00000000ffe00000)
 ParOldGen       total 166912K, used 98905K [0x00000000c0000000, 0x00000000ca300000, 0x00000000eab00000)
  object space 166912K, 59% used [0x00000000c0000000,0x00000000c60965b0,0x00000000ca300000)
 Metaspace       used 109648K, capacity 112964K, committed 113496K, reserved 1148928K
  class space    used 13353K, capacity 14088K, committed 14208K, reserved 1048576K
Event: 2787.981 GC heap after
Heap after GC invocations=70 (full 6):
 PSYoungGen      total 312320K, used 6218K [0x00000000eab00000, 0x00000000ffc00000, 0x0000000100000000)
  eden space 280576K, 0% used [0x00000000eab00000,0x00000000eab00000,0x00000000fbd00000)
  from space 31744K, 19% used [0x00000000fdd00000,0x00000000fe312b30,0x00000000ffc00000)
  to   space 32256K, 0% used [0x00000000fbd00000,0x00000000fbd00000,0x00000000fdc80000)
 ParOldGen       total 166912K, used 98913K [0x00000000c0000000, 0x00000000ca300000, 0x00000000eab00000)
  object space 166912K, 59% used [0x00000000c0000000,0x00000000c60985b0,0x00000000ca300000)
 Metaspace       used 109648K, capacity 112964K, committed 113496K, reserved 1148928K
  class space    used 13353K, capacity 14088K, committed 14208K, reserved 1048576K
}
Event: 2791.972 GC heap before
{Heap before GC invocations=71 (full 6):
 PSYoungGen      total 312320K, used 286794K [0x00000000eab00000, 0x00000000ffc00000, 0x0000000100000000)
  eden space 280576K, 100% used [0x00000000eab00000,0x00000000fbd00000,0x00000000fbd00000)
  from space 31744K, 19% used [0x00000000fdd00000,0x00000000fe312b30,0x00000000ffc00000)
  to   space 32256K, 0% used [0x00000000fbd00000,0x00000000fbd00000,0x00000000fdc80000)
 ParOldGen       total 166912K, used 98913K [0x00000000c0000000, 0x00000000ca300000, 0x00000000eab00000)
  object space 166912K, 59% used [0x00000000c0000000,0x00000000c60985b0,0x00000000ca300000)
 Metaspace       used 110184K, capacity 113500K, committed 113752K, reserved 1148928K
  class space    used 13402K, capacity 14144K, committed 14208K, reserved 1048576K
Event: 2792.081 GC heap after
Heap after GC invocations=71 (full 6):
 PSYoungGen      total 312832K, used 32234K [0x00000000eab00000, 0x0000000100000000, 0x0000000100000000)
  eden space 280576K, 0% used [0x00000000eab00000,0x00000000eab00000,0x00000000fbd00000)
  from space 32256K, 99% used [0x00000000fbd00000,0x00000000fdc7a870,0x00000000fdc80000)
  to   space 36352K, 0% used [0x00000000fdc80000,0x00000000fdc80000,0x0000000100000000)
 ParOldGen       total 166912K, used 110590K [0x00000000c0000000, 0x00000000ca300000, 0x00000000eab00000)
  object space 166912K, 66% used [0x00000000c0000000,0x00000000c6bff910,0x00000000ca300000)
 Metaspace       used 110184K, capacity 113500K, committed 113752K, reserved 1148928K
  class space    used 13402K, capacity 14144K, committed 14208K, reserved 1048576K
}
Event: 2827.989 GC heap before
{Heap before GC invocations=72 (full 6):
 PSYoungGen      total 312832K, used 312810K [0x00000000eab00000, 0x0000000100000000, 0x0000000100000000)
  eden space 280576K, 100% used [0x00000000eab00000,0x00000000fbd00000,0x00000000fbd00000)
  from space 32256K, 99% used [0x00000000fbd00000,0x00000000fdc7a870,0x00000000fdc80000)
  to   space 36352K, 0% used [0x00000000fdc80000,0x00000000fdc80000,0x0000000100000000)
 ParOldGen       total 166912K, used 110590K [0x00000000c0000000, 0x00000000ca300000, 0x00000000eab00000)
  object space 166912K, 66% used [0x00000000c0000000,0x00000000c6bff910,0x00000000ca300000)
 Metaspace       used 111761K, capacity 115440K, committed 115672K, reserved 1150976K
  class space    used 13633K, capacity 14454K, committed 14592K, reserved 1048576K
Event: 2829.174 GC heap after
Heap after GC invocations=72 (full 6):
 PSYoungGen      total 298496K, used 24034K [0x00000000eab00000, 0x0000000100000000, 0x0000000100000000)
  eden space 262144K, 0% used [0x00000000eab00000,0x00000000eab00000,0x00000000fab00000)
  from space 36352K, 66% used [0x00000000fdc80000,0x00000000ff3f8a20,0x0000000100000000)
  to   space 43520K, 0% used [0x00000000fab00000,0x00000000fab00000,0x00000000fd580000)
 ParOldGen       total 166912K, used 126872K [0x00000000c0000000, 0x00000000ca300000, 0x00000000eab00000)
  object space 166912K, 76% used [0x00000000c0000000,0x00000000c7be62c8,0x00000000ca300000)
 Metaspace       used 111761K, capacity 115440K, committed 115672K, reserved 1150976K
  class space    used 13633K, capacity 14454K, committed 14592K, reserved 1048576K
}
Event: 2846.531 GC heap before
{Heap before GC invocations=73 (full 6):
 PSYoungGen      total 298496K, used 286131K [0x00000000eab00000, 0x0000000100000000, 0x0000000100000000)
  eden space 262144K, 99% used [0x00000000eab00000,0x00000000faaf4440,0x00000000fab00000)
  from space 36352K, 66% used [0x00000000fdc80000,0x00000000ff3f8a20,0x0000000100000000)
  to   space 43520K, 0% used [0x00000000fab00000,0x00000000fab00000,0x00000000fd580000)
 ParOldGen       total 166912K, used 126872K [0x00000000c0000000, 0x00000000ca300000, 0x00000000eab00000)
  object space 166912K, 76% used [0x00000000c0000000,0x00000000c7be62c8,0x00000000ca300000)
 Metaspace       used 111831K, capacity 115458K, committed 115672K, reserved 1150976K
  class space    used 13633K, capacity 14455K, committed 14592K, reserved 1048576K
Event: 2846.816 GC heap after
Heap after GC invocations=73 (full 6):
 PSYoungGen      total 305664K, used 43495K [0x00000000eab00000, 0x0000000100000000, 0x0000000100000000)
  eden space 262144K, 0% used [0x00000000eab00000,0x00000000eab00000,0x00000000fab00000)
  from space 43520K, 99% used [0x00000000fab00000,0x00000000fd579c78,0x00000000fd580000)
  to   space 43520K, 0% used [0x00000000fd580000,0x00000000fd580000,0x0000000100000000)
 ParOldGen       total 184832K, used 184599K [0x00000000c0000000, 0x00000000cb480000, 0x00000000eab00000)
  object space 184832K, 99% used [0x00000000c0000000,0x00000000cb445e88,0x00000000cb480000)
 Metaspace       used 111831K, capacity 115458K, committed 115672K, reserved 1150976K
  class space    used 13633K, capacity 14455K, committed 14592K, reserved 1048576K
}
Event: 2846.847 GC heap before
{Heap before GC invocations=74 (full 7):
 PSYoungGen      total 305664K, used 43495K [0x00000000eab00000, 0x0000000100000000, 0x0000000100000000)
  eden space 262144K, 0% used [0x00000000eab00000,0x00000000eab00000,0x00000000fab00000)
  from space 43520K, 99% used [0x00000000fab00000,0x00000000fd579c78,0x00000000fd580000)
  to   space 43520K, 0% used [0x00000000fd580000,0x00000000fd580000,0x0000000100000000)
 ParOldGen       total 184832K, used 184599K [0x00000000c0000000, 0x00000000cb480000, 0x00000000eab00000)
  object space 184832K, 99% used [0x00000000c0000000,0x00000000cb445e88,0x00000000cb480000)
 Metaspace       used 111831K, capacity 115458K, committed 115672K, reserved 1150976K
  class space    used 13633K, capacity 14455K, committed 14592K, reserved 1048576K

